<?xml version="1.0" encoding="UTF-8"?>
<!-- Generated by org.testng.reporters.JUnitReportReporter -->
<testsuite hostname="Ramya" failures="0" tests="1" name="com.webdrivers.windows" time="21.918" errors="0" timestamp="2021-07-17T10:36:01 IST" skipped="0">
  <testcase classname="com.webdrivers.windows" name="Script1" time="21.918"/>
  <system-out/>
</testsuite> <!-- com.webdrivers.windows -->
