<?xml version="1.0" encoding="UTF-8"?>
<!-- Generated by org.testng.reporters.JUnitReportReporter -->
<testsuite hostname="Ramya" failures="0" tests="1" name="functionality.Login_Page" time="51.585" errors="0" timestamp="2021-07-21T19:53:59 IST" skipped="0">
  <testcase classname="functionality.Login_Page" name="loginPage" time="51.585"/>
  <system-out/>
</testsuite> <!-- functionality.Login_Page -->
