<?xml version="1.0" encoding="UTF-8"?>
<!-- Generated by org.testng.reporters.JUnitReportReporter -->
<testsuite hostname="Ramya" failures="0" tests="1" name="com.webdrivers.frame" time="8.976" errors="0" timestamp="2021-07-19T15:02:54 IST" skipped="0">
  <testcase classname="com.webdrivers.frame" name="Script1" time="8.976"/>
  <system-out/>
</testsuite> <!-- com.webdrivers.frame -->
