<?xml version="1.0" encoding="UTF-8"?>
<!-- Generated by org.testng.reporters.JUnitReportReporter -->
<testsuite hostname="Ramya" failures="0" tests="1" name="com.webdrivers.Test1" time="9.837" errors="0" timestamp="2021-07-20T20:45:14 IST" skipped="0">
  <testcase classname="com.webdrivers.Test1" name="script1" time="9.837"/>
  <system-out/>
</testsuite> <!-- com.webdrivers.Test1 -->
