<?xml version="1.0" encoding="UTF-8"?>
<!-- Generated by org.testng.reporters.JUnitReportReporter -->
<testsuite hostname="Ramya" failures="0" tests="1" name="com.webdrivers.draganddrop" time="12.380" errors="0" timestamp="2021-07-20T17:24:15 IST" skipped="0">
  <testcase classname="com.webdrivers.draganddrop" name="Script1" time="12.380"/>
  <system-out/>
</testsuite> <!-- com.webdrivers.draganddrop -->
