<?xml version="1.0" encoding="UTF-8"?>
<!-- Generated by org.testng.reporters.JUnitReportReporter -->
<testsuite hostname="Ramya" failures="0" tests="1" name="com.webdrivers.MouseHover" time="13.191" errors="0" timestamp="2021-07-20T16:56:31 IST" skipped="0">
  <testcase classname="com.webdrivers.MouseHover" name="Script1" time="13.191"/>
  <system-out/>
</testsuite> <!-- com.webdrivers.MouseHover -->
