<?xml version="1.0" encoding="UTF-8"?>
<!-- Generated by org.testng.reporters.JUnitReportReporter -->
<testsuite hostname="Ramya" failures="0" tests="1" name="com.webdrivers.Alertbox" time="8.699" errors="0" timestamp="2021-07-21T19:57:04 IST" skipped="0">
  <testcase classname="com.webdrivers.Alertbox" name="Script1" time="8.699"/>
  <system-out/>
</testsuite> <!-- com.webdrivers.Alertbox -->
