<?xml version="1.0" encoding="UTF-8"?>
<!-- Generated by org.testng.reporters.JUnitReportReporter -->
<testsuite hostname="Ramya" failures="0" tests="1" name="com.webdrivers.DataDrivenFramework" time="6.590" errors="0" timestamp="2021-07-28T11:12:41 IST" skipped="0">
  <testcase classname="com.webdrivers.DataDrivenFramework" name="dataDrivenApache" time="6.590"/>
  <system-out/>
</testsuite> <!-- com.webdrivers.DataDrivenFramework -->
