<?xml version="1.0" encoding="UTF-8"?>
<!-- Generated by org.testng.reporters.JUnitReportReporter -->
<testsuite hostname="Ramya" failures="0" tests="1" name="com.webdrivers.button" time="9.727" errors="0" timestamp="2021-07-17T12:29:59 IST" skipped="0">
  <testcase classname="com.webdrivers.button" name="script1" time="9.727"/>
  <system-out/>
</testsuite> <!-- com.webdrivers.button -->
