<?xml version="1.0" encoding="UTF-8"?>
<!-- Generated by org.testng.reporters.JUnitReportReporter -->
<testsuite hostname="Ramya" failures="0" tests="1" name="com.webdrivers.uploadfile" time="6.820" errors="0" timestamp="2021-07-26T16:38:28 IST" skipped="0">
  <testcase classname="com.webdrivers.uploadfile" name="test" time="6.820"/>
  <system-out/>
</testsuite> <!-- com.webdrivers.uploadfile -->
