<?xml version="1.0" encoding="UTF-8"?>
<!-- Generated by org.testng.reporters.JUnitReportReporter -->
<testsuite hostname="Ramya" failures="0" tests="1" name="com.webdrivers.radiobutton" time="12.401" errors="0" timestamp="2021-07-15T00:46:48 IST" skipped="0">
  <testcase classname="com.webdrivers.radiobutton" name="script1" time="12.401"/>
  <system-out/>
</testsuite> <!-- com.webdrivers.radiobutton -->
