<?xml version="1.0" encoding="UTF-8"?>
<!-- Generated by org.testng.reporters.JUnitReportReporter -->
<testsuite hostname="Ramya" failures="0" tests="1" name="com.webdrivers.checkbox" time="8.734" errors="0" timestamp="2021-07-19T16:08:56 IST" skipped="0">
  <testcase classname="com.webdrivers.checkbox" name="script1" time="8.734"/>
  <system-out/>
</testsuite> <!-- com.webdrivers.checkbox -->
