<?xml version="1.0" encoding="UTF-8"?>
<!-- Generated by org.testng.reporters.JUnitReportReporter -->
<testsuite hostname="Ramya" failures="0" tests="1" name="runner.Run1" time="39.594" errors="0" timestamp="2021-07-26T23:19:40 IST" skipped="0">
  <testcase classname="runner.Run1" name="runScenario" time="39.594"/>
  <system-out/>
</testsuite> <!-- runner.Run1 -->
