<?xml version="1.0" encoding="UTF-8"?>
<!-- Generated by org.testng.reporters.JUnitReportReporter -->
<testsuite hostname="Ramya" failures="0" tests="1" name="com.webdrivers.unorderedlist" time="27.916" errors="0" timestamp="2021-07-20T20:14:40 IST" skipped="0">
  <testcase classname="com.webdrivers.unorderedlist" name="Script1" time="27.916"/>
  <system-out/>
</testsuite> <!-- com.webdrivers.unorderedlist -->
