<?xml version="1.0" encoding="UTF-8"?>
<!-- Generated by org.testng.reporters.JUnitReportReporter -->
<testsuite hostname="Ramya" failures="0" tests="2" name="com.webdrivers.cookies" time="9.396" errors="0" timestamp="2021-07-28T11:22:03 IST" skipped="1">
  <testcase classname="com.webdrivers.cookies" name="getCookies" time="9.396"/>
  <system-out/>
  <testcase classname="com.webdrivers.cookies" name="test">
    <skipped/>
  </testcase> <!-- test -->
  <system-out/>
</testsuite> <!-- com.webdrivers.cookies -->
