<?xml version="1.0" encoding="UTF-8"?>
<!-- Generated by org.testng.reporters.JUnitReportReporter -->
<testsuite hostname="Ramya" failures="0" tests="1" name="com.webdrivers.navigate" time="31.813" errors="0" timestamp="2021-07-17T11:09:38 IST" skipped="0">
  <testcase classname="com.webdrivers.navigate" name="Script1" time="31.813"/>
  <system-out/>
</testsuite> <!-- com.webdrivers.navigate -->
