<?xml version="1.0" encoding="UTF-8"?>
<!-- Generated by org.testng.reporters.JUnitReportReporter -->
<testsuite hostname="Ramya" failures="0" tests="1" name="com.webdrivers.orderdlist" time="39.983" errors="0" timestamp="2021-07-21T20:26:02 IST" skipped="0">
  <testcase classname="com.webdrivers.orderdlist" name="Script1" time="39.983"/>
  <system-out/>
</testsuite> <!-- com.webdrivers.orderdlist -->
