<?xml version="1.0" encoding="UTF-8"?>
<!-- Generated by org.testng.reporters.JUnitReportReporter -->
<testsuite hostname="Ramya" failures="0" tests="1" name="com.webdrivers.DownloadFile" time="8.294" errors="0" timestamp="2021-07-28T11:13:53 IST" skipped="0">
  <testcase classname="com.webdrivers.DownloadFile" name="test" time="8.294"/>
  <system-out/>
</testsuite> <!-- com.webdrivers.DownloadFile -->
